* Starting client
* Connecting to master process on port 16951
* Analyzing classpath: 
  - C:\Users\jahan\eclipse-workspace\Bughunt\target\test-classes
  - C:\Users\jahan\eclipse-workspace\Bughunt\target\classes
  - C:\Users\jahan\.m2\repository\junit\junit\4.12\junit-4.12.jar
  - C:\Users\jahan\.m2\repository\org\hamcrest\hamcrest-core\1.3\hamcrest-core-1.3.jar
  - C:\Users\jahan\.m2\repository\org\jacoco\org.jacoco.agent\0.8.7\org.jacoco.agent-0.8.7.jar
* Finished analyzing classpath
* Generating tests for class AVLTree
* Test criteria:
  - Line Coverage
  - Branch Coverage
  - Exception
  - Mutation testing (weak)
  - Method-Output Coverage
  - Top-Level Method Coverage
  - No-Exception Top-Level Method Coverage
  - Context Branch Coverage
* Setting up search algorithm for whole suite generation
[MASTER] 20:57:23.811 [pool-2-thread-1] WARN  TestSuiteSerialization - Cannot load tests because file does not exist: C:\Users\jahan\eclipse-workspace\Bughunt\.evosuite\evosuite-seeds\AVLTree.seed
* Loaded 0 tests from C:\Users\jahan\eclipse-workspace\Bughunt\.evosuite\evosuite-seeds\AVLTree.seed
* Total number of test goals: 
  - Line 1
  - Branch 1
  - Exception 0
  - MutationFactory 0
  - Output 0
  - Method 1
  - MethodNoException 1
  - CBranchFitnessFactory 1
* Using seed 1650160641654
* Starting evolution
* Search finished after 1s and 0 generations, 5849 statements, best individual has fitness: 1.0
* Writing sequences to pool
* Minimizing test suite
* Going to analyze the coverage criteria
* Coverage analysis for criterion LINE
* Coverage of criterion LINE: 100%
* Total number of goals: 1
* Number of covered goals: 1
* Coverage analysis for criterion BRANCH
* Coverage of criterion BRANCH: 100%
* Total number of goals: 1
* Number of covered goals: 1
* Coverage analysis for criterion EXCEPTION
* Coverage of criterion EXCEPTION: 100% (no goals)
* Coverage analysis for criterion WEAKMUTATION
* Coverage of criterion WEAKMUTATION: 100% (no goals)
* Coverage analysis for criterion OUTPUT
* Coverage of criterion OUTPUT: 100% (no goals)
* Coverage analysis for criterion METHOD
* Coverage of criterion METHOD: 100%
* Total number of goals: 1
* Number of covered goals: 1
* Coverage analysis for criterion METHODNOEXCEPTION
* Coverage of criterion METHODNOEXCEPTION: 100%
* Total number of goals: 1
* Number of covered goals: 1
* Coverage analysis for criterion CBRANCH
* Coverage of criterion CBRANCH: 100%
* Total number of goals: 1
* Number of covered goals: 1
* Generated 1 tests with total length 1
* Resulting test suite's coverage: 100% (average coverage for all fitness functions)
* Generating assertions
* Resulting test suite's mutation score: 100%
* Compiling and checking tests
[MASTER] 20:57:44.590 [pool-2-thread-1] WARN  TestSuiteGenerator - JUnit checking timed out
[MASTER] 20:57:44.591 [pool-2-thread-1] WARN  TimeController - Phase JUNIT_CHECK lasted too long, 10 seconds more than allowed.
* Writing JUnit test case 'AVLTree_ESTest' to C:\Users\jahan\eclipse-workspace\Bughunt\.evosuite\tmp_2022_04_16_20_57_14\tests
* Done!

